# JRE version: OpenJDK Runtime Environment Temurin-21.0.10+7 (21.0.10+7) (build 21.0.10+7-LTS)
# Java VM: OpenJDK 64-Bit Server VM Temurin-21.0.10+7 (21.0.10+7-LTS, mixed mode, sharing, tiered, compressed oops, compressed class ptrs, g1 gc, windows-amd64)
GC Precious Log:
 CardTable entry size: 512
 Card Set container configuration: InlinePtr #cards 4 size 8 Array Of Cards #cards 16 size 48 Howl #buckets 8 coarsen threshold 3686 Howl Bitmap #cards 512 size 80 coarsen threshold 460 Card regions per heap region 1 cards per card region 4096
 CPUs: 16 total, 16 available
 Memory: 16110M
 Large Page Support: Disabled
 NUMA Support: Disabled
 Compressed Oops: Enabled (Zero based)
 Heap Region Size: 2M
 Heap Min Capacity: 8M
 Heap Initial Capacity: 252M
 Heap Max Capacity: 4028M
 Pre-touch: Disabled
 Parallel Workers: 13
 Concurrent Workers: 3
 Concurrent Refinement Workers: 13
 Periodic GC: Disabled
Heap:
 garbage-first heap   total 108544K, used 41265K [0x0000000704400000, 0x0000000800000000)
  region size 2048K, 6 young (12288K), 3 survivors (6144K)
 Metaspace       used 81212K, committed 81984K, reserved 1179648K
  class space    used 11116K, committed 11456K, reserved 1048576K
GC Heap History (20 events):
Event: 6.403 GC heap before
{Heap before GC invocations=10 (full 0):
 garbage-first heap   total 81920K, used 77997K [0x0000000704400000, 0x0000000800000000)
  region size 2048K, 32 young (65536K), 4 survivors (8192K)
 Metaspace       used 40578K, committed 41152K, reserved 1114112K
  class space    used 5266K, committed 5568K, reserved 1048576K
}
Event: 6.407 GC heap after
{Heap after GC invocations=11 (full 0):
 garbage-first heap   total 90112K, used 21797K [0x0000000704400000, 0x0000000800000000)
  region size 2048K, 4 young (8192K), 4 survivors (8192K)
 Metaspace       used 40578K, committed 41152K, reserved 1114112K
  class space    used 5266K, committed 5568K, reserved 1048576K
}
Event: 6.906 GC heap before
{Heap before GC invocations=11 (full 0):
 garbage-first heap   total 90112K, used 66853K [0x0000000704400000, 0x0000000800000000)
  region size 2048K, 26 young (53248K), 4 survivors (8192K)
 Metaspace       used 45908K, committed 46528K, reserved 1114112K
  class space    used 5919K, committed 6208K, reserved 1048576K
}
Event: 6.910 GC heap after
{Heap after GC invocations=12 (full 0):
 garbage-first heap   total 90112K, used 22331K [0x0000000704400000, 0x0000000800000000)
  region size 2048K, 3 young (6144K), 3 survivors (6144K)
 Metaspace       used 45908K, committed 46528K, reserved 1114112K
  class space    used 5919K, committed 6208K, reserved 1048576K
}
Event: 7.184 GC heap before
{Heap before GC invocations=12 (full 0):
 garbage-first heap   total 90112K, used 67387K [0x0000000704400000, 0x0000000800000000)
  region size 2048K, 26 young (53248K), 3 survivors (6144K)
 Metaspace       used 50006K, committed 50560K, reserved 1114112K
  class space    used 6457K, committed 6720K, reserved 1048576K
}
Event: 7.188 GC heap after
{Heap after GC invocations=13 (full 0):
 garbage-first heap   total 90112K, used 25033K [0x0000000704400000, 0x0000000800000000)
  region size 2048K, 3 young (6144K), 3 survivors (6144K)
 Metaspace       used 50006K, committed 50560K, reserved 1114112K
  class space    used 6457K, committed 6720K, reserved 1048576K
}
Event: 7.465 GC heap before
{Heap before GC invocations=13 (full 0):
 garbage-first heap   total 90112K, used 70089K [0x0000000704400000, 0x0000000800000000)
  region size 2048K, 26 young (53248K), 3 survivors (6144K)
 Metaspace       used 55690K, committed 56320K, reserved 1114112K
  class space    used 7373K, committed 7680K, reserved 1048576K
}
Event: 7.467 GC heap after
{Heap after GC invocations=14 (full 0):
 garbage-first heap   total 90112K, used 24510K [0x0000000704400000, 0x0000000800000000)
  region size 2048K, 2 young (4096K), 2 survivors (4096K)
 Metaspace       used 55690K, committed 56320K, reserved 1114112K
  class space    used 7373K, committed 7680K, reserved 1048576K
}
Event: 7.742 GC heap before
{Heap before GC invocations=14 (full 0):
 garbage-first heap   total 90112K, used 65470K [0x0000000704400000, 0x0000000800000000)
  region size 2048K, 23 young (47104K), 2 survivors (4096K)
 Metaspace       used 59491K, committed 60096K, reserved 1114112K
  class space    used 7868K, committed 8128K, reserved 1048576K
}
Event: 7.746 GC heap after
{Heap after GC invocations=15 (full 0):
 garbage-first heap   total 90112K, used 25875K [0x0000000704400000, 0x0000000800000000)
  region size 2048K, 3 young (6144K), 3 survivors (6144K)
 Metaspace       used 59491K, committed 60096K, reserved 1114112K
  class space    used 7868K, committed 8128K, reserved 1048576K
}
Event: 8.068 GC heap before
{Heap before GC invocations=16 (full 0):
 garbage-first heap   total 90112K, used 70931K [0x0000000704400000, 0x0000000800000000)
  region size 2048K, 26 young (53248K), 3 survivors (6144K)
 Metaspace       used 63481K, committed 64128K, reserved 1114112K
  class space    used 8612K, committed 8896K, reserved 1048576K
}
Event: 8.070 GC heap after
{Heap after GC invocations=17 (full 0):
 garbage-first heap   total 108544K, used 27844K [0x0000000704400000, 0x0000000800000000)
  region size 2048K, 3 young (6144K), 3 survivors (6144K)
 Metaspace       used 63481K, committed 64128K, reserved 1114112K
  class space    used 8612K, committed 8896K, reserved 1048576K
}
Event: 8.363 GC heap before
{Heap before GC invocations=17 (full 0):
 garbage-first heap   total 108544K, used 83140K [0x0000000704400000, 0x0000000800000000)
  region size 2048K, 31 young (63488K), 3 survivors (6144K)
 Metaspace       used 67112K, committed 67776K, reserved 1114112K
  class space    used 9239K, committed 9536K, reserved 1048576K
}
Event: 8.369 GC heap after
{Heap after GC invocations=18 (full 0):
 garbage-first heap   total 108544K, used 29645K [0x0000000704400000, 0x0000000800000000)
  region size 2048K, 3 young (6144K), 3 survivors (6144K)
 Metaspace       used 67112K, committed 67776K, reserved 1114112K
  class space    used 9239K, committed 9536K, reserved 1048576K
}
Event: 9.451 GC heap before
{Heap before GC invocations=18 (full 0):
 garbage-first heap   total 108544K, used 86989K [0x0000000704400000, 0x0000000800000000)
  region size 2048K, 31 young (63488K), 3 survivors (6144K)
 Metaspace       used 71313K, committed 71936K, reserved 1114112K
  class space    used 9829K, committed 10112K, reserved 1048576K
}
Event: 9.459 GC heap after
{Heap after GC invocations=19 (full 0):
 garbage-first heap   total 108544K, used 32238K [0x0000000704400000, 0x0000000800000000)
  region size 2048K, 4 young (8192K), 4 survivors (8192K)
 Metaspace       used 71313K, committed 71936K, reserved 1114112K
  class space    used 9829K, committed 10112K, reserved 1048576K
}
Event: 15.870 GC heap before
{Heap before GC invocations=19 (full 0):
 garbage-first heap   total 108544K, used 85486K [0x0000000704400000, 0x0000000800000000)
  region size 2048K, 31 young (63488K), 4 survivors (8192K)
 Metaspace       used 76432K, committed 77120K, reserved 1179648K
  class space    used 10554K, committed 10880K, reserved 1048576K
}
Event: 15.874 GC heap after
{Heap after GC invocations=20 (full 0):
 garbage-first heap   total 108544K, used 34235K [0x0000000704400000, 0x0000000800000000)
  region size 2048K, 3 young (6144K), 3 survivors (6144K)
 Metaspace       used 76432K, committed 77120K, reserved 1179648K
  class space    used 10554K, committed 10880K, reserved 1048576K
}
Event: 169.468 GC heap before
{Heap before GC invocations=20 (full 0):
 garbage-first heap   total 108544K, used 91579K [0x0000000704400000, 0x0000000800000000)
  region size 2048K, 31 young (63488K), 3 survivors (6144K)
 Metaspace       used 81139K, committed 81856K, reserved 1179648K
  class space    used 11115K, committed 11456K, reserved 1048576K
}
Event: 169.472 GC heap after
{Heap after GC invocations=21 (full 0):
 garbage-first heap   total 108544K, used 37169K [0x0000000704400000, 0x0000000800000000)
  region size 2048K, 3 young (6144K), 3 survivors (6144K)
 Metaspace       used 81139K, committed 81856K, reserved 1179648K
  class space    used 11115K, committed 11456K, reserved 1048576K
}

